c:\dev\principiumgames\shinyafroman\release\principia engine.pdb
c:\dev\principiumgames\principiaengine\source\release\systemmanager.obj
c:\dev\principiumgames\principiaengine\source\release\systembitmanager.obj
c:\dev\principiumgames\principiaengine\source\release\groupmanager.obj
c:\dev\principiumgames\principiaengine\source\release\entitysystem.obj
c:\dev\principiumgames\principiaengine\source\release\entityprocessingsystem.obj
c:\dev\principiumgames\principiaengine\source\release\entitymanager.obj
c:\dev\principiumgames\principiaengine\source\release\entity.obj
c:\dev\principiumgames\principiaengine\source\release\delayedentitysystem.obj
c:\dev\principiumgames\principiaengine\source\release\delayedentityprocessingsystem.obj
c:\dev\principiumgames\principiaengine\source\release\componenttypemanager.obj
c:\dev\principiumgames\principiaengine\source\release\componenttype.obj
c:\dev\principiumgames\principiaengine\source\release\component.obj
c:\dev\principiumgames\principiaengine\source\release\posesystem.obj
c:\dev\principiumgames\principiaengine\source\release\animationsystem.obj
c:\dev\principiumgames\principiaengine\source\release\tinyxml2.obj
c:\dev\principiumgames\principiaengine\source\release\imgui_widgets.obj
c:\dev\principiumgames\principiaengine\source\release\imgui_tables.obj
c:\dev\principiumgames\principiaengine\source\release\imgui_draw.obj
c:\dev\principiumgames\principiaengine\source\release\imgui_demo.obj
c:\dev\principiumgames\principiaengine\source\release\imgui.obj
c:\dev\principiumgames\principiaengine\source\release\transformsystem.obj
c:\dev\principiumgames\principiaengine\source\release\timer.obj
c:\dev\principiumgames\principiaengine\source\release\input.obj
c:\dev\principiumgames\principiaengine\source\release\prefabsystem.obj
c:\dev\principiumgames\principiaengine\source\release\serialize-node.obj
c:\dev\principiumgames\principiaengine\source\release\selectable-gui-system.obj
c:\dev\principiumgames\principiaengine\source\release\script-system.obj
c:\dev\principiumgames\principiaengine\source\release\texture.obj
c:\dev\principiumgames\principiaengine\source\release\renderbase.obj
c:\dev\principiumgames\principiaengine\source\release\compute-raytracer.obj
c:\dev\principiumgames\principiaengine\source\release\immovablesystem.obj
c:\dev\principiumgames\principiaengine\source\release\gridsystem.obj
c:\dev\principiumgames\principiaengine\source\release\gravitysystem.obj
c:\dev\principiumgames\principiaengine\source\release\collisionsystem.obj
c:\dev\principiumgames\principiaengine\source\release\collidedwithsystem.obj
c:\dev\principiumgames\principiaengine\source\release\audiosystem.obj
c:\dev\principiumgames\principiaengine\source\release\world.obj
c:\dev\principiumgames\principiaengine\source\release\tagmanager.obj
c:\dev\principiumgames\principiaengine\source\release\principia engine.pch
c:\dev\principiumgames\principiaengine\source\release\pch.obj
c:\dev\principiumgames\principiaengine\source\release\window.obj
c:\dev\principiumgames\principiaengine\source\release\resourcemanager.obj
c:\dev\principiumgames\principiaengine\source\release\bvhsystem.obj
c:\dev\principiumgames\principiaengine\source\release\rendersystem.obj
c:\dev\principiumgames\principiaengine\source\release\animatesystem.obj
c:\dev\principiumgames\principiaengine\source\release\imgui-renderer.obj
c:\dev\principiumgames\principiaengine\source\release\imgui_impl_vulkan.obj
c:\dev\principiumgames\principiaengine\source\release\imgui_impl_glfw.obj
c:\dev\principiumgames\shinyafroman\release\principia engine.lib
c:\dev\principiumgames\principiaengine\source\release\principia engine.tlog\cl.command.1.tlog
c:\dev\principiumgames\principiaengine\source\release\principia engine.tlog\cl.items.tlog
c:\dev\principiumgames\principiaengine\source\release\principia engine.tlog\cl.read.1.tlog
c:\dev\principiumgames\principiaengine\source\release\principia engine.tlog\cl.write.1.tlog
c:\dev\principiumgames\principiaengine\source\release\principia engine.tlog\lib-link.read.1.tlog
c:\dev\principiumgames\principiaengine\source\release\principia engine.tlog\lib-link.write.1.tlog
c:\dev\principiumgames\principiaengine\source\release\principia engine.tlog\lib.command.1.tlog
