  main.cpp
c:\users\mike\principiaengine\tools\modelconverter\helper.hpp(145): warning C4018: '<': signed/unsigned mismatch
c:\users\mike\principiaengine\tools\modelconverter\helper.hpp(155): warning C4018: '<': signed/unsigned mismatch
c:\users\mike\principiaengine\tools\modelconverter\helper.hpp(167): warning C4018: '<': signed/unsigned mismatch
c:\users\mike\principiaengine\tools\modelconverter\helper.hpp(170): warning C4018: '<': signed/unsigned mismatch
c:\users\mike\principiaengine\tools\modelconverter\helper.hpp(177): warning C4018: '<': signed/unsigned mismatch
c:\users\mike\principiaengine\tools\modelconverter\main.cpp(307): warning C4018: '<': signed/unsigned mismatch
c:\users\mike\principiaengine\tools\modelconverter\main.cpp(324): warning C4018: '<': signed/unsigned mismatch
c:\users\mike\principiaengine\tools\modelconverter\main.cpp(328): warning C4018: '<': signed/unsigned mismatch
c:\users\mike\principiaengine\tools\modelconverter\main.cpp(335): warning C4018: '<': signed/unsigned mismatch
c:\users\mike\principiaengine\tools\modelconverter\main.cpp(356): warning C4018: '<': signed/unsigned mismatch
c:\users\mike\principiaengine\tools\modelconverter\main.cpp(360): warning C4018: '<': signed/unsigned mismatch
c:\users\mike\principiaengine\tools\modelconverter\main.cpp(477): warning C4018: '<': signed/unsigned mismatch
c:\users\mike\principiaengine\tools\modelconverter\main.cpp(489): warning C4018: '<': signed/unsigned mismatch
c:\users\mike\principiaengine\tools\modelconverter\main.cpp(496): warning C4018: '<': signed/unsigned mismatch
c:\users\mike\principiaengine\tools\modelconverter\main.cpp(545): warning C4018: '<': signed/unsigned mismatch
c:\users\mike\principiaengine\tools\modelconverter\main.cpp(549): warning C4018: '<': signed/unsigned mismatch
c:\users\mike\principiaengine\tools\modelconverter\main.cpp(569): warning C4018: '<': signed/unsigned mismatch
c:\users\mike\principiaengine\tools\modelconverter\main.cpp(571): warning C4018: '<': signed/unsigned mismatch
c:\users\mike\principiaengine\tools\modelconverter\main.cpp(583): warning C4018: '<': signed/unsigned mismatch
c:\users\mike\principiaengine\tools\modelconverter\main.cpp(593): warning C4018: '<': signed/unsigned mismatch
c:\users\mike\principiaengine\tools\modelconverter\main.cpp(597): warning C4018: '<': signed/unsigned mismatch
c:\users\mike\principiaengine\tools\modelconverter\main.cpp(602): warning C4018: '<': signed/unsigned mismatch
c:\users\mike\principiaengine\tools\modelconverter\main.cpp(611): warning C4018: '<': signed/unsigned mismatch
c:\users\mike\principiaengine\tools\modelconverter\main.cpp(617): warning C4018: '<': signed/unsigned mismatch
c:\users\mike\principiaengine\tools\modelconverter\main.cpp(619): warning C4018: '<': signed/unsigned mismatch
c:\users\mike\principiaengine\tools\modelconverter\main.cpp(621): warning C4018: '<': signed/unsigned mismatch
c:\users\mike\principiaengine\tools\modelconverter\main.cpp(629): warning C4018: '<': signed/unsigned mismatch
c:\users\mike\principiaengine\tools\modelconverter\main.cpp(548): warning C4101: 'nodey': unreferenced local variable
c:\users\mike\principiaengine\tools\modelconverter\main.cpp(667): warning C4018: '<': signed/unsigned mismatch
c:\users\mike\principiaengine\tools\modelconverter\main.cpp(682): warning C4018: '<': signed/unsigned mismatch
  ModelConverter.vcxproj -> C:\Users\Mike\PrincipiaEngine\Tools\ModelConverter\Debug\ModelConverter.exe
