  animationSystem.cpp
  applicationSystem.cpp
  controllerSystem.cpp
  gameSystem.cpp
  menuSystem.cpp
  pauseSystem.cpp
  ballCollisionSystem.cpp
  ballMovementSystem.cpp
  ballScoreSystem.cpp
  ballSpawnSystem.cpp
  characterController.cpp
  scene.cpp
  transformSystem.cpp
  collisionSystem.cpp
  physicsSystem.cpp
  engineUISystem.cpp
  renderSystem.cpp
  resourceManager.cpp
  Generating Code...
  main.cpp
  PrincipiaEngine.vcxproj -> C:\Users\Mike\PrincipiaEngine\Source\Debug\Principia Engine.exe
