c:\dev\principiumgames\principiaengine\source\debug\principia engine.pch
c:\dev\principiumgames\shinyafroman\debug\principia engine.pdb
c:\dev\principiumgames\shinyafroman\debug\principia engine.idb
c:\dev\principiumgames\principiaengine\source\debug\pch.obj
c:\dev\principiumgames\principiaengine\source\debug\btcompoundcompoundcollisionalgorithm.obj
c:\dev\principiumgames\principiaengine\source\debug\btcompoundcollisionalgorithm.obj
c:\dev\principiumgames\principiaengine\source\debug\btcollisionworldimporter.obj
c:\dev\principiumgames\principiaengine\source\debug\btcollisionworld.obj
c:\dev\principiumgames\principiaengine\source\debug\btcollisionobject.obj
c:\dev\principiumgames\principiaengine\source\debug\btcollisiondispatchermt.obj
c:\dev\principiumgames\principiaengine\source\debug\btcollisiondispatcher.obj
c:\dev\principiumgames\principiaengine\source\debug\btboxboxdetector.obj
c:\dev\principiumgames\principiaengine\source\debug\btboxboxcollisionalgorithm.obj
c:\dev\principiumgames\principiaengine\source\debug\btbox2dbox2dcollisionalgorithm.obj
c:\dev\principiumgames\principiaengine\source\debug\btactivatingcollisionalgorithm.obj
c:\dev\principiumgames\principiaengine\source\debug\btsimplebroadphase.obj
c:\dev\principiumgames\principiaengine\source\debug\btquantizedbvh.obj
c:\dev\principiumgames\principiaengine\source\debug\btoverlappingpaircache.obj
c:\dev\principiumgames\principiaengine\source\debug\btdispatcher.obj
c:\dev\principiumgames\principiaengine\source\debug\btdbvtbroadphase.obj
c:\dev\principiumgames\principiaengine\source\debug\btdbvt.obj
c:\dev\principiumgames\principiaengine\source\debug\btcollisionalgorithm.obj
c:\dev\principiumgames\principiaengine\source\debug\btbroadphaseproxy.obj
c:\dev\principiumgames\principiaengine\source\debug\btaxissweep3.obj
c:\dev\principiumgames\principiaengine\source\debug\btcapsuleshape.obj
c:\dev\principiumgames\principiaengine\source\debug\btbvhtrianglemeshshape.obj
c:\dev\principiumgames\principiaengine\source\debug\btboxshape.obj
c:\dev\principiumgames\principiaengine\source\debug\btbox2dshape.obj
c:\dev\principiumgames\principiaengine\source\debug\spheretriangledetector.obj
c:\dev\principiumgames\principiaengine\source\debug\btunionfind.obj
c:\dev\principiumgames\principiaengine\source\debug\btspheretrianglecollisionalgorithm.obj
c:\dev\principiumgames\principiaengine\source\debug\btspherespherecollisionalgorithm.obj
c:\dev\principiumgames\principiaengine\source\debug\btsphereboxcollisionalgorithm.obj
c:\dev\principiumgames\principiaengine\source\debug\btsimulationislandmanager.obj
c:\dev\principiumgames\principiaengine\source\debug\btmanifoldresult.obj
c:\dev\principiumgames\principiaengine\source\debug\btinternaledgeutility.obj
c:\dev\principiumgames\principiaengine\source\debug\bthashedsimplepaircache.obj
c:\dev\principiumgames\principiaengine\source\debug\btghostobject.obj
c:\dev\principiumgames\principiaengine\source\debug\btemptycollisionalgorithm.obj
c:\dev\principiumgames\principiaengine\source\debug\btdefaultcollisionconfiguration.obj
c:\dev\principiumgames\principiaengine\source\debug\btconvexplanecollisionalgorithm.obj
c:\dev\principiumgames\principiaengine\source\debug\btconvexconvexalgorithm.obj
c:\dev\principiumgames\principiaengine\source\debug\btconvexconcavecollisionalgorithm.obj
c:\dev\principiumgames\principiaengine\source\debug\btconvex2dconvex2dalgorithm.obj
c:\dev\principiumgames\principiaengine\source\debug\btpolyhedralconvexshape.obj
c:\dev\principiumgames\principiaengine\source\debug\btoptimizedbvh.obj
c:\dev\principiumgames\principiaengine\source\debug\btmultisphereshape.obj
c:\dev\principiumgames\principiaengine\source\debug\btmultimaterialtrianglemeshshape.obj
c:\dev\principiumgames\principiaengine\source\debug\btminkowskisumshape.obj
c:\dev\principiumgames\principiaengine\source\debug\btminisdf.obj
c:\dev\principiumgames\principiaengine\source\debug\btheightfieldterrainshape.obj
c:\dev\principiumgames\principiaengine\source\debug\btemptyshape.obj
c:\dev\principiumgames\principiaengine\source\debug\btcylindershape.obj
c:\dev\principiumgames\principiaengine\source\debug\btconvextrianglemeshshape.obj
c:\dev\principiumgames\principiaengine\source\debug\btconvexshape.obj
c:\dev\principiumgames\principiaengine\source\debug\btconvexpolyhedron.obj
c:\dev\principiumgames\principiaengine\source\debug\btconvexpointcloudshape.obj
c:\dev\principiumgames\principiaengine\source\debug\btconvexinternalshape.obj
c:\dev\principiumgames\principiaengine\source\debug\btconvexhullshape.obj
c:\dev\principiumgames\principiaengine\source\debug\btconvex2dshape.obj
c:\dev\principiumgames\principiaengine\source\debug\btconeshape.obj
c:\dev\principiumgames\principiaengine\source\debug\btconcaveshape.obj
c:\dev\principiumgames\principiaengine\source\debug\btcompoundshape.obj
c:\dev\principiumgames\principiaengine\source\debug\btcollisionshape.obj
c:\dev\principiumgames\principiaengine\source\debug\btgimpactshape.obj
c:\dev\principiumgames\principiaengine\source\debug\btgimpactquantizedbvh.obj
c:\dev\principiumgames\principiaengine\source\debug\btgimpactcollisionalgorithm.obj
c:\dev\principiumgames\principiaengine\source\debug\btgimpactbvh.obj
c:\dev\principiumgames\principiaengine\source\debug\btgenericpoolallocator.obj
c:\dev\principiumgames\principiaengine\source\debug\btcontactprocessing.obj
c:\dev\principiumgames\principiaengine\source\debug\btuniformscalingshape.obj
c:\dev\principiumgames\principiaengine\source\debug\bttrianglemeshshape.obj
c:\dev\principiumgames\principiaengine\source\debug\bttrianglemesh.obj
c:\dev\principiumgames\principiaengine\source\debug\bttriangleindexvertexmaterialarray.obj
c:\dev\principiumgames\principiaengine\source\debug\bttriangleindexvertexarray.obj
c:\dev\principiumgames\principiaengine\source\debug\bttrianglecallback.obj
c:\dev\principiumgames\principiaengine\source\debug\bttrianglebuffer.obj
c:\dev\principiumgames\principiaengine\source\debug\bttetrahedronshape.obj
c:\dev\principiumgames\principiaengine\source\debug\btstridingmeshinterface.obj
c:\dev\principiumgames\principiaengine\source\debug\btstaticplaneshape.obj
c:\dev\principiumgames\principiaengine\source\debug\btsphereshape.obj
c:\dev\principiumgames\principiaengine\source\debug\btshapehull.obj
c:\dev\principiumgames\principiaengine\source\debug\btsdfcollisionshape.obj
c:\dev\principiumgames\principiaengine\source\debug\btscaledbvhtrianglemeshshape.obj
c:\dev\principiumgames\principiaengine\source\debug\btconetwistconstraint.obj
c:\dev\principiumgames\principiaengine\source\debug\btbatchedconstraints.obj
c:\dev\principiumgames\principiaengine\source\debug\btkinematiccharactercontroller.obj
c:\dev\principiumgames\principiaengine\source\debug\btvoronoisimplexsolver.obj
c:\dev\principiumgames\principiaengine\source\debug\btsubsimplexconvexcast.obj
c:\dev\principiumgames\principiaengine\source\debug\btraycastcallback.obj
c:\dev\principiumgames\principiaengine\source\debug\btpolyhedralcontactclipping.obj
c:\dev\principiumgames\principiaengine\source\debug\btpersistentmanifold.obj
c:\dev\principiumgames\principiaengine\source\debug\btminkowskipenetrationdepthsolver.obj
c:\dev\principiumgames\principiaengine\source\debug\btgjkpairdetector.obj
c:\dev\principiumgames\principiaengine\source\debug\btgjkepapenetrationdepthsolver.obj
c:\dev\principiumgames\principiaengine\source\debug\btgjkepa2.obj
c:\dev\principiumgames\principiaengine\source\debug\btgjkconvexcast.obj
c:\dev\principiumgames\principiaengine\source\debug\btconvexcast.obj
c:\dev\principiumgames\principiaengine\source\debug\btcontinuousconvexcollision.obj
c:\dev\principiumgames\principiaengine\source\debug\gim_tri_collision.obj
c:\dev\principiumgames\principiaengine\source\debug\gim_memory.obj
c:\dev\principiumgames\principiaengine\source\debug\gim_contact.obj
c:\dev\principiumgames\principiaengine\source\debug\gim_box_set.obj
c:\dev\principiumgames\principiaengine\source\debug\bttriangleshapeex.obj
c:\dev\principiumgames\principiaengine\source\debug\btsimpledynamicsworld.obj
c:\dev\principiumgames\principiaengine\source\debug\btrigidbody.obj
c:\dev\principiumgames\principiaengine\source\debug\btdiscretedynamicsworldmt.obj
c:\dev\principiumgames\principiaengine\source\debug\btdiscretedynamicsworld.obj
c:\dev\principiumgames\principiaengine\source\debug\btuniversalconstraint.obj
c:\dev\principiumgames\principiaengine\source\debug\bttypedconstraint.obj
c:\dev\principiumgames\principiaengine\source\debug\btsolve2linearconstraint.obj
c:\dev\principiumgames\principiaengine\source\debug\btsliderconstraint.obj
c:\dev\principiumgames\principiaengine\source\debug\btsequentialimpulseconstraintsolvermt.obj
c:\dev\principiumgames\principiaengine\source\debug\btsequentialimpulseconstraintsolver.obj
c:\dev\principiumgames\principiaengine\source\debug\btpoint2pointconstraint.obj
c:\dev\principiumgames\principiaengine\source\debug\btnncgconstraintsolver.obj
c:\dev\principiumgames\principiaengine\source\debug\bthingeconstraint.obj
c:\dev\principiumgames\principiaengine\source\debug\bthinge2constraint.obj
c:\dev\principiumgames\principiaengine\source\debug\btgeneric6dofspringconstraint.obj
c:\dev\principiumgames\principiaengine\source\debug\btgeneric6dofspring2constraint.obj
c:\dev\principiumgames\principiaengine\source\debug\btgeneric6dofconstraint.obj
c:\dev\principiumgames\principiaengine\source\debug\btgearconstraint.obj
c:\dev\principiumgames\principiaengine\source\debug\btfixedconstraint.obj
c:\dev\principiumgames\principiaengine\source\debug\btcontactconstraint.obj
c:\dev\principiumgames\principiaengine\source\debug\btconvexhullcomputer.obj
c:\dev\principiumgames\principiaengine\source\debug\btconvexhull.obj
c:\dev\principiumgames\principiaengine\source\debug\btalignedallocator.obj
c:\dev\principiumgames\principiaengine\source\debug\btwheelinfo.obj
c:\dev\principiumgames\principiaengine\source\debug\btraycastvehicle.obj
c:\dev\principiumgames\principiaengine\source\debug\btmlcpsolver.obj
c:\dev\principiumgames\principiaengine\source\debug\btlemkealgorithm.obj
c:\dev\principiumgames\principiaengine\source\debug\btdantziglcp.obj
c:\dev\principiumgames\principiaengine\source\debug\btmultibodysliderconstraint.obj
c:\dev\principiumgames\principiaengine\source\debug\btmultibodypoint2point.obj
c:\dev\principiumgames\principiaengine\source\debug\btmultibodymlcpconstraintsolver.obj
c:\dev\principiumgames\principiaengine\source\debug\btmultibodyjointmotor.obj
c:\dev\principiumgames\principiaengine\source\debug\btmultibodyjointlimitconstraint.obj
c:\dev\principiumgames\principiaengine\source\debug\btmultibodygearconstraint.obj
c:\dev\principiumgames\principiaengine\source\debug\btmultibodyfixedconstraint.obj
c:\dev\principiumgames\principiaengine\source\debug\btmultibodydynamicsworld.obj
c:\dev\principiumgames\principiaengine\source\debug\btmultibodyconstraintsolver.obj
c:\dev\principiumgames\principiaengine\source\debug\btmultibodyconstraint.obj
c:\dev\principiumgames\principiaengine\source\debug\btmultibody.obj
c:\dev\principiumgames\principiaengine\source\debug\btsimulationislandmanagermt.obj
c:\dev\principiumgames\principiaengine\source\debug\component.obj
c:\dev\principiumgames\principiaengine\source\debug\posesystem.obj
c:\dev\principiumgames\principiaengine\source\debug\animationsystem.obj
c:\dev\principiumgames\principiaengine\source\debug\animatesystem.obj
c:\dev\principiumgames\principiaengine\source\debug\tinyxml2.obj
c:\dev\principiumgames\principiaengine\source\debug\imgui_widgets.obj
c:\dev\principiumgames\principiaengine\source\debug\imgui_tables.obj
c:\dev\principiumgames\principiaengine\source\debug\imgui_draw.obj
c:\dev\principiumgames\principiaengine\source\debug\imgui_demo.obj
c:\dev\principiumgames\principiaengine\source\debug\imgui.obj
c:\dev\principiumgames\principiaengine\source\debug\btthreadsupportwin32.obj
c:\dev\principiumgames\principiaengine\source\debug\btthreadsupportposix.obj
c:\dev\principiumgames\principiaengine\source\debug\bttaskscheduler.obj
c:\dev\principiumgames\principiaengine\source\debug\btvector3.obj
c:\dev\principiumgames\principiaengine\source\debug\btthreads.obj
c:\dev\principiumgames\principiaengine\source\debug\btserializer64.obj
c:\dev\principiumgames\principiaengine\source\debug\btserializer.obj
c:\dev\principiumgames\principiaengine\source\debug\btquickprof.obj
c:\dev\principiumgames\principiaengine\source\debug\btpolardecomposition.obj
c:\dev\principiumgames\principiaengine\source\debug\btgeometryutil.obj
c:\dev\principiumgames\principiaengine\source\debug\compute-raytracer.obj
c:\dev\principiumgames\principiaengine\source\debug\immovablesystem.obj
c:\dev\principiumgames\principiaengine\source\debug\gridsystem.obj
c:\dev\principiumgames\principiaengine\source\debug\gravitysystem.obj
c:\dev\principiumgames\principiaengine\source\debug\collisionsystem.obj
c:\dev\principiumgames\principiaengine\source\debug\collidedwithsystem.obj
c:\dev\principiumgames\principiaengine\source\debug\audiosystem.obj
c:\dev\principiumgames\principiaengine\source\debug\world.obj
c:\dev\principiumgames\principiaengine\source\debug\tagmanager.obj
c:\dev\principiumgames\principiaengine\source\debug\systemmanager.obj
c:\dev\principiumgames\principiaengine\source\debug\systembitmanager.obj
c:\dev\principiumgames\principiaengine\source\debug\groupmanager.obj
c:\dev\principiumgames\principiaengine\source\debug\entitysystem.obj
c:\dev\principiumgames\principiaengine\source\debug\entityprocessingsystem.obj
c:\dev\principiumgames\principiaengine\source\debug\entitymanager.obj
c:\dev\principiumgames\principiaengine\source\debug\entity.obj
c:\dev\principiumgames\principiaengine\source\debug\delayedentitysystem.obj
c:\dev\principiumgames\principiaengine\source\debug\delayedentityprocessingsystem.obj
c:\dev\principiumgames\principiaengine\source\debug\componenttypemanager.obj
c:\dev\principiumgames\principiaengine\source\debug\componenttype.obj
c:\dev\principiumgames\principiaengine\source\debug\timer.obj
c:\dev\principiumgames\principiaengine\source\debug\input.obj
c:\dev\principiumgames\principiaengine\source\debug\prefabsystem.obj
c:\dev\principiumgames\principiaengine\source\debug\serialize-node.obj
c:\dev\principiumgames\principiaengine\source\debug\selectable-gui-system.obj
c:\dev\principiumgames\principiaengine\source\debug\script-system.obj
c:\dev\principiumgames\principiaengine\source\debug\texture.obj
c:\dev\principiumgames\principiaengine\source\debug\renderbase.obj
c:\dev\principiumgames\principiaengine\source\debug\window.obj
c:\dev\principiumgames\principiaengine\source\debug\transformsystem.obj
c:\dev\principiumgames\principiaengine\source\debug\resourcemanager.obj
c:\dev\principiumgames\principiaengine\source\debug\bvhsystem.obj
c:\dev\principiumgames\principiaengine\source\debug\rendersystem.obj
c:\dev\principiumgames\principiaengine\source\rendering\shaders\raytracing.comp.spv
c:\dev\principiumgames\shinyafroman\debug\principia engine.lib
c:\dev\principiumgames\principiaengine\source\debug\principia engine.tlog\cl.command.1.tlog
c:\dev\principiumgames\principiaengine\source\debug\principia engine.tlog\cl.items.tlog
c:\dev\principiumgames\principiaengine\source\debug\principia engine.tlog\cl.read.1.tlog
c:\dev\principiumgames\principiaengine\source\debug\principia engine.tlog\cl.write.1.tlog
c:\dev\principiumgames\principiaengine\source\debug\principia engine.tlog\custombuild.command.1.tlog
c:\dev\principiumgames\principiaengine\source\debug\principia engine.tlog\custombuild.read.1.tlog
c:\dev\principiumgames\principiaengine\source\debug\principia engine.tlog\custombuild.write.1.tlog
c:\dev\principiumgames\principiaengine\source\debug\principia engine.tlog\lib-link.read.1.tlog
c:\dev\principiumgames\principiaengine\source\debug\principia engine.tlog\lib-link.write.1.tlog
c:\dev\principiumgames\principiaengine\source\debug\principia engine.tlog\lib.command.1.tlog
