cl : command line  warning D9025: overriding '/openmp' with '/openmp:llvm'
  imgui_impl_glfw.cpp
  imgui_impl_vulkan.cpp
  imgui.cpp
  imgui_demo.cpp
  imgui_draw.cpp
  imgui_tables.cpp
  imgui_widgets.cpp
  tinyxml2.cpp
  animateSystem.cpp
  animationSystem.cpp
C:\dev\PrincipiumGames\PrincipiaEngine\Source\Utility\bvhComponent.hpp(229,22): warning C4244: 'argument': conversion from 'float' to 'uint32_t', possible loss of data
  (compiling source file 'Animation/animationSystem.cpp')
  
C:\dev\PrincipiumGames\PrincipiaEngine\Source\Utility\bvhComponent.hpp(229,45): warning C4244: 'argument': conversion from 'float' to 'uint32_t', possible loss of data
  (compiling source file 'Animation/animationSystem.cpp')
  
C:\dev\PrincipiumGames\PrincipiaEngine\Source\Utility\bvhComponent.hpp(229,67): warning C4244: 'argument': conversion from 'float' to 'uint32_t', possible loss of data
  (compiling source file 'Animation/animationSystem.cpp')
  
C:\dev\PrincipiumGames\PrincipiaEngine\Source\Utility\resourceManager.h(72,13): warning C4267: 'return': conversion from 'size_t' to 'int', possible loss of data
  (compiling source file 'Animation/animationSystem.cpp')
  
C:\dev\PrincipiumGames\PrincipiaEngine\Source\Utility\resourceManager.h(79,13): warning C4267: 'return': conversion from 'size_t' to 'int', possible loss of data
  (compiling source file 'Animation/animationSystem.cpp')
  
C:\dev\PrincipiumGames\PrincipiaEngine\Source\Utility\resourceManager.h(106,13): warning C4267: 'return': conversion from 'size_t' to 'int', possible loss of data
  (compiling source file 'Animation/animationSystem.cpp')
  
C:\dev\PrincipiumGames\PrincipiaEngine\Source\Utility\resourceManager.h(121,13): warning C4267: 'return': conversion from 'size_t' to 'int', possible loss of data
  (compiling source file 'Animation/animationSystem.cpp')
  
  poseSystem.cpp
C:\dev\PrincipiumGames\PrincipiaEngine\Source\Utility\bvhComponent.hpp(229,22): warning C4244: 'argument': conversion from 'float' to 'uint32_t', possible loss of data
  (compiling source file 'Animation/poseSystem.cpp')
  
C:\dev\PrincipiumGames\PrincipiaEngine\Source\Utility\bvhComponent.hpp(229,45): warning C4244: 'argument': conversion from 'float' to 'uint32_t', possible loss of data
  (compiling source file 'Animation/poseSystem.cpp')
  
C:\dev\PrincipiumGames\PrincipiaEngine\Source\Utility\bvhComponent.hpp(229,67): warning C4244: 'argument': conversion from 'float' to 'uint32_t', possible loss of data
  (compiling source file 'Animation/poseSystem.cpp')
  
C:\dev\PrincipiumGames\PrincipiaEngine\Source\Utility\resourceManager.h(72,13): warning C4267: 'return': conversion from 'size_t' to 'int', possible loss of data
  (compiling source file 'Animation/poseSystem.cpp')
  
C:\dev\PrincipiumGames\PrincipiaEngine\Source\Utility\resourceManager.h(79,13): warning C4267: 'return': conversion from 'size_t' to 'int', possible loss of data
  (compiling source file 'Animation/poseSystem.cpp')
  
C:\dev\PrincipiumGames\PrincipiaEngine\Source\Utility\resourceManager.h(106,13): warning C4267: 'return': conversion from 'size_t' to 'int', possible loss of data
  (compiling source file 'Animation/poseSystem.cpp')
  
C:\dev\PrincipiumGames\PrincipiaEngine\Source\Utility\resourceManager.h(121,13): warning C4267: 'return': conversion from 'size_t' to 'int', possible loss of data
  (compiling source file 'Animation/poseSystem.cpp')
  
  Component.cpp
  ComponentType.cpp
  ComponentTypeManager.cpp
  DelayedEntityProcessingSystem.cpp
  DelayedEntitySystem.cpp
  Entity.cpp
  EntityManager.cpp
C:\dev\PrincipiumGames\PrincipiaEngine\Source\ArtemisFrameWork\Artemis\ImmutableBag.h(206,23): warning C4244: 'initializing': conversion from 'float' to 'int', possible loss of data
  (compiling source file 'ArtemisFrameWork/EntityManager.cpp')
  C:\dev\PrincipiumGames\PrincipiaEngine\Source\ArtemisFrameWork\Artemis\ImmutableBag.h(206,23):
  the template instantiation context (the oldest one first) is
  	C:\dev\PrincipiumGames\PrincipiaEngine\Source\ArtemisFrameWork\Artemis\EntityManager.h(68,21):
  	see reference to class template instantiation 'artemis::Bag<artemis::Component *>' being compiled
  	C:\dev\PrincipiumGames\PrincipiaEngine\Source\ArtemisFrameWork\Artemis\ImmutableBag.h(205,10):
  	while compiling class template member function 'void artemis::Bag<artemis::Component *>::grow(void)'
  		C:\dev\PrincipiumGames\PrincipiaEngine\Source\ArtemisFrameWork\Artemis\ImmutableBag.h(65,28):
  		see the first reference to 'artemis::Bag<artemis::Component *>::grow' in 'artemis::Bag<artemis::Component *>::add'
  		C:\dev\PrincipiumGames\PrincipiaEngine\Source\ArtemisFrameWork\EntityManager.cpp(108,31):
  		see the first reference to 'artemis::Bag<artemis::Component *>::add' in 'artemis::EntityManager::getComponents'
  
  EntityProcessingSystem.cpp
  EntitySystem.cpp
C:\dev\PrincipiumGames\PrincipiaEngine\Source\ArtemisFrameWork\Artemis\ImmutableBag.h(206,23): warning C4244: 'initializing': conversion from 'float' to 'int', possible loss of data
  (compiling source file 'ArtemisFrameWork/EntitySystem.cpp')
  C:\dev\PrincipiumGames\PrincipiaEngine\Source\ArtemisFrameWork\Artemis\ImmutableBag.h(206,23):
  the template instantiation context (the oldest one first) is
  	C:\dev\PrincipiumGames\PrincipiaEngine\Source\ArtemisFrameWork\Artemis\EntitySystem.h(69,18):
  	see reference to class template instantiation 'artemis::Bag<artemis::Entity *>' being compiled
  	C:\dev\PrincipiumGames\PrincipiaEngine\Source\ArtemisFrameWork\Artemis\ImmutableBag.h(205,10):
  	while compiling class template member function 'void artemis::Bag<artemis::Entity *>::grow(void)'
  		C:\dev\PrincipiumGames\PrincipiaEngine\Source\ArtemisFrameWork\Artemis\ImmutableBag.h(65,28):
  		see the first reference to 'artemis::Bag<artemis::Entity *>::grow' in 'artemis::Bag<artemis::Entity *>::add'
  		C:\dev\PrincipiumGames\PrincipiaEngine\Source\ArtemisFrameWork\EntitySystem.cpp(22,15):
  		see the first reference to 'artemis::Bag<artemis::Entity *>::add' in 'artemis::EntitySystem::change'
  
  Compiling...
  GroupManager.cpp
C:\dev\PrincipiumGames\PrincipiaEngine\Source\ArtemisFrameWork\Artemis\ImmutableBag.h(206,23): warning C4244: 'initializing': conversion from 'float' to 'int', possible loss of data
  (compiling source file 'ArtemisFrameWork/GroupManager.cpp')
  C:\dev\PrincipiumGames\PrincipiaEngine\Source\ArtemisFrameWork\Artemis\ImmutableBag.h(206,23):
  the template instantiation context (the oldest one first) is
  	C:\dev\PrincipiumGames\PrincipiaEngine\Source\ArtemisFrameWork\Artemis\GroupManager.h(18,16):
  	see reference to class template instantiation 'artemis::Bag<artemis::Entity *>' being compiled
  	C:\dev\PrincipiumGames\PrincipiaEngine\Source\ArtemisFrameWork\Artemis\ImmutableBag.h(205,10):
  	while compiling class template member function 'void artemis::Bag<artemis::Entity *>::grow(void)'
  		C:\dev\PrincipiumGames\PrincipiaEngine\Source\ArtemisFrameWork\Artemis\ImmutableBag.h(65,28):
  		see the first reference to 'artemis::Bag<artemis::Entity *>::grow' in 'artemis::Bag<artemis::Entity *>::add'
  		C:\dev\PrincipiumGames\PrincipiaEngine\Source\ArtemisFrameWork\GroupManager.cpp(67,16):
  		see the first reference to 'artemis::Bag<artemis::Entity *>::add' in 'artemis::GroupManager::set'
  
  SystemBitManager.cpp
  SystemManager.cpp
C:\dev\PrincipiumGames\PrincipiaEngine\Source\ArtemisFrameWork\Artemis\ImmutableBag.h(206,23): warning C4244: 'initializing': conversion from 'float' to 'int', possible loss of data
  (compiling source file 'ArtemisFrameWork/SystemManager.cpp')
  C:\dev\PrincipiumGames\PrincipiaEngine\Source\ArtemisFrameWork\Artemis\ImmutableBag.h(206,23):
  the template instantiation context (the oldest one first) is
  	C:\dev\PrincipiumGames\PrincipiaEngine\Source\ArtemisFrameWork\Artemis\SystemManager.h(30,24):
  	see reference to class template instantiation 'artemis::Bag<artemis::EntitySystem *>' being compiled
  	C:\dev\PrincipiumGames\PrincipiaEngine\Source\ArtemisFrameWork\Artemis\ImmutableBag.h(205,10):
  	while compiling class template member function 'void artemis::Bag<artemis::EntitySystem *>::grow(void)'
  		C:\dev\PrincipiumGames\PrincipiaEngine\Source\ArtemisFrameWork\Artemis\ImmutableBag.h(65,28):
  		see the first reference to 'artemis::Bag<artemis::EntitySystem *>::grow' in 'artemis::Bag<artemis::EntitySystem *>::add'
  		C:\dev\PrincipiumGames\PrincipiaEngine\Source\ArtemisFrameWork\SystemManager.cpp(50,19):
  		see the first reference to 'artemis::Bag<artemis::EntitySystem *>::add' in 'artemis::SystemManager::setSystem'
  
  TagManager.cpp
  World.cpp
C:\dev\PrincipiumGames\PrincipiaEngine\Source\ArtemisFrameWork\Artemis\ImmutableBag.h(206,23): warning C4244: 'initializing': conversion from 'float' to 'int', possible loss of data
  (compiling source file 'ArtemisFrameWork/World.cpp')
  C:\dev\PrincipiumGames\PrincipiaEngine\Source\ArtemisFrameWork\Artemis\ImmutableBag.h(206,23):
  the template instantiation context (the oldest one first) is
  	C:\dev\PrincipiumGames\PrincipiaEngine\Source\ArtemisFrameWork\Artemis\GroupManager.h(18,16):
  	see reference to class template instantiation 'artemis::Bag<artemis::Entity *>' being compiled
  	C:\dev\PrincipiumGames\PrincipiaEngine\Source\ArtemisFrameWork\Artemis\ImmutableBag.h(205,10):
  	while compiling class template member function 'void artemis::Bag<artemis::Entity *>::grow(void)'
  		C:\dev\PrincipiumGames\PrincipiaEngine\Source\ArtemisFrameWork\Artemis\ImmutableBag.h(65,28):
  		see the first reference to 'artemis::Bag<artemis::Entity *>::grow' in 'artemis::Bag<artemis::Entity *>::add'
  		C:\dev\PrincipiumGames\PrincipiaEngine\Source\ArtemisFrameWork\World.cpp(22,15):
  		see the first reference to 'artemis::Bag<artemis::Entity *>::add' in 'artemis::World::deleteEntity'
  
  audioSystem.cpp
  pch.cpp
  collidedWithSystem.cpp
C:\dev\PrincipiumGames\PrincipiaEngine\Source\Utility\script-component.h(158,19): warning C4244: 'initializing': conversion from '_Rep' to 'unsigned int', possible loss of data
C:\dev\PrincipiumGames\PrincipiaEngine\Source\Utility\script-component.h(158,19): warning C4244:         with
C:\dev\PrincipiumGames\PrincipiaEngine\Source\Utility\script-component.h(158,19): warning C4244:         [
C:\dev\PrincipiumGames\PrincipiaEngine\Source\Utility\script-component.h(158,19): warning C4244:             _Rep=std::chrono::system_clock::rep
C:\dev\PrincipiumGames\PrincipiaEngine\Source\Utility\script-component.h(158,19): warning C4244:         ]
  (compiling source file 'Physics/collidedWithSystem.cpp')
  
C:\dev\PrincipiumGames\PrincipiaEngine\Source\Physics\collidedWithSystem.cpp(55,13): warning C4553: '==': result of expression not used; did you intend '='?
  collisionSystem.cpp
C:\dev\PrincipiumGames\PrincipiaEngine\Source\Physics\collisionTests.h(50,19): warning C4244: 'initializing': conversion from 'double' to 'float', possible loss of data
  (compiling source file 'Physics/collisionSystem.cpp')
  
C:\dev\PrincipiumGames\PrincipiaEngine\Source\Physics\collisionTests.h(97,23): warning C4244: '=': conversion from 'int' to 'T', possible loss of data
C:\dev\PrincipiumGames\PrincipiaEngine\Source\Physics\collisionTests.h(97,23): warning C4244:         with
C:\dev\PrincipiumGames\PrincipiaEngine\Source\Physics\collisionTests.h(97,23): warning C4244:         [
C:\dev\PrincipiumGames\PrincipiaEngine\Source\Physics\collisionTests.h(97,23): warning C4244:             T=float
C:\dev\PrincipiumGames\PrincipiaEngine\Source\Physics\collisionTests.h(97,23): warning C4244:         ]
  (compiling source file 'Physics/collisionSystem.cpp')
  
C:\dev\PrincipiumGames\PrincipiaEngine\Source\Physics\collisionTests.h(99,23): warning C4244: '=': conversion from 'int' to 'T', possible loss of data
C:\dev\PrincipiumGames\PrincipiaEngine\Source\Physics\collisionTests.h(99,23): warning C4244:         with
C:\dev\PrincipiumGames\PrincipiaEngine\Source\Physics\collisionTests.h(99,23): warning C4244:         [
C:\dev\PrincipiumGames\PrincipiaEngine\Source\Physics\collisionTests.h(99,23): warning C4244:             T=float
C:\dev\PrincipiumGames\PrincipiaEngine\Source\Physics\collisionTests.h(99,23): warning C4244:         ]
  (compiling source file 'Physics/collisionSystem.cpp')
  
  gravitySystem.cpp
C:\dev\PrincipiumGames\PrincipiaEngine\Source\Physics\Components\gravityComponent.h(6,18): warning C4305: 'initializing': truncation from 'double' to 'float'
  (compiling source file 'Physics/gravitySystem.cpp')
  
  gridSystem.cpp
  immovableSystem.cpp
  compute-raytracer.cpp
C:\dev\PrincipiumGames\PrincipiaEngine\Source\Utility\bvhComponent.hpp(229,22): warning C4244: 'argument': conversion from 'float' to 'uint32_t', possible loss of data
  (compiling source file 'Rendering/compute-raytracer.cpp')
  
C:\dev\PrincipiumGames\PrincipiaEngine\Source\Utility\bvhComponent.hpp(229,45): warning C4244: 'argument': conversion from 'float' to 'uint32_t', possible loss of data
  (compiling source file 'Rendering/compute-raytracer.cpp')
  
C:\dev\PrincipiumGames\PrincipiaEngine\Source\Utility\bvhComponent.hpp(229,67): warning C4244: 'argument': conversion from 'float' to 'uint32_t', possible loss of data
  (compiling source file 'Rendering/compute-raytracer.cpp')
  
C:\dev\PrincipiumGames\PrincipiaEngine\Source\Rendering\compute-raytracer.h(83,15): warning C4267: 'initializing': conversion from 'size_t' to 'int', possible loss of data
  (compiling source file 'Rendering/compute-raytracer.cpp')
  
C:\dev\PrincipiumGames\PrincipiaEngine\Source\Utility\resourceManager.h(72,13): warning C4267: 'return': conversion from 'size_t' to 'int', possible loss of data
  (compiling source file 'Rendering/compute-raytracer.cpp')
  
C:\dev\PrincipiumGames\PrincipiaEngine\Source\Utility\resourceManager.h(79,13): warning C4267: 'return': conversion from 'size_t' to 'int', possible loss of data
  (compiling source file 'Rendering/compute-raytracer.cpp')
  
C:\dev\PrincipiumGames\PrincipiaEngine\Source\Utility\resourceManager.h(106,13): warning C4267: 'return': conversion from 'size_t' to 'int', possible loss of data
  (compiling source file 'Rendering/compute-raytracer.cpp')
  
C:\dev\PrincipiumGames\PrincipiaEngine\Source\Utility\resourceManager.h(121,13): warning C4267: 'return': conversion from 'size_t' to 'int', possible loss of data
  (compiling source file 'Rendering/compute-raytracer.cpp')
  
C:\dev\PrincipiumGames\PrincipiaEngine\Source\Rendering\compute-raytracer.cpp(58,28): warning C4267: '=': conversion from 'size_t' to 'int', possible loss of data
C:\dev\PrincipiumGames\PrincipiaEngine\Source\Rendering\compute-raytracer.cpp(253,27): warning C4267: 'argument': conversion from 'size_t' to 'uint32_t', possible loss of data
C:\dev\PrincipiumGames\PrincipiaEngine\Source\Rendering\compute-raytracer.cpp(376,34): warning C4267: 'argument': conversion from 'size_t' to 'uint32_t', possible loss of data
C:\dev\PrincipiumGames\PrincipiaEngine\Source\Rendering\compute-raytracer.cpp(379,85): warning C4267: 'argument': conversion from 'size_t' to 'uint32_t', possible loss of data
C:\dev\PrincipiumGames\PrincipiaEngine\Source\Rendering\compute-raytracer.cpp(586,49): warning C4267: '=': conversion from 'size_t' to '_Ty', possible loss of data
C:\dev\PrincipiumGames\PrincipiaEngine\Source\Rendering\compute-raytracer.cpp(586,49): warning C4267:         with
C:\dev\PrincipiumGames\PrincipiaEngine\Source\Rendering\compute-raytracer.cpp(586,49): warning C4267:         [
C:\dev\PrincipiumGames\PrincipiaEngine\Source\Rendering\compute-raytracer.cpp(586,49): warning C4267:             _Ty=int
C:\dev\PrincipiumGames\PrincipiaEngine\Source\Rendering\compute-raytracer.cpp(586,49): warning C4267:         ]
C:\dev\PrincipiumGames\PrincipiaEngine\Source\Rendering\compute-raytracer.cpp(753,29): warning C4267: 'argument': conversion from 'size_t' to 'uint32_t', possible loss of data
C:\dev\PrincipiumGames\PrincipiaEngine\Source\Rendering\compute-raytracer.cpp(800,52): warning C4267: '=': conversion from 'size_t' to 'uint32_t', possible loss of data
C:\dev\PrincipiumGames\PrincipiaEngine\Source\Rendering\compute-raytracer.cpp(825,19): warning C4267: 'argument': conversion from 'size_t' to 'uint32_t', possible loss of data
C:\dev\PrincipiumGames\PrincipiaEngine\Source\Rendering\compute-raytracer.cpp(853,74): warning C4267: 'argument': conversion from 'size_t' to 'uint32_t', possible loss of data
C:\dev\PrincipiumGames\PrincipiaEngine\Source\Rendering\compute-raytracer.cpp(871,27): warning C4267: 'argument': conversion from 'size_t' to 'uint32_t', possible loss of data
C:\dev\PrincipiumGames\PrincipiaEngine\Source\Rendering\compute-raytracer.cpp(993,85): warning C4267: 'argument': conversion from 'size_t' to 'uint32_t', possible loss of data
C:\dev\PrincipiumGames\PrincipiaEngine\Source\Rendering\compute-raytracer.cpp(1149,24): warning C4267: '=': conversion from 'size_t' to 'int', possible loss of data
C:\dev\PrincipiumGames\PrincipiaEngine\Source\Rendering\compute-raytracer.cpp(1160,47): warning C4267: 'argument': conversion from 'size_t' to '_Ty', possible loss of data
C:\dev\PrincipiumGames\PrincipiaEngine\Source\Rendering\compute-raytracer.cpp(1160,47): warning C4267:         with
C:\dev\PrincipiumGames\PrincipiaEngine\Source\Rendering\compute-raytracer.cpp(1160,47): warning C4267:         [
C:\dev\PrincipiumGames\PrincipiaEngine\Source\Rendering\compute-raytracer.cpp(1160,47): warning C4267:             _Ty=int
C:\dev\PrincipiumGames\PrincipiaEngine\Source\Rendering\compute-raytracer.cpp(1160,47): warning C4267:         ]
C:\dev\PrincipiumGames\PrincipiaEngine\Source\Rendering\compute-raytracer.cpp(1307,22): warning C4267: 'initializing': conversion from 'size_t' to 'int', possible loss of data
C:\dev\PrincipiumGames\PrincipiaEngine\Source\Rendering\compute-raytracer.cpp(1308,21): warning C4267: 'initializing': conversion from 'size_t' to 'int', possible loss of data
C:\dev\PrincipiumGames\PrincipiaEngine\Source\Rendering\compute-raytracer.cpp(1309,22): warning C4267: 'initializing': conversion from 'size_t' to 'int', possible loss of data
C:\dev\PrincipiumGames\PrincipiaEngine\Source\Rendering\compute-raytracer.cpp(1332,33): warning C4267: 'argument': conversion from 'size_t' to 'int', possible loss of data
C:\dev\PrincipiumGames\PrincipiaEngine\Source\Rendering\compute-raytracer.cpp(1364,49): warning C4267: '=': conversion from 'size_t' to 'int', possible loss of data
C:\dev\PrincipiumGames\PrincipiaEngine\Source\Rendering\compute-raytracer.cpp(1443,46): warning C4267: 'argument': conversion from 'size_t' to '_Ty', possible loss of data
C:\dev\PrincipiumGames\PrincipiaEngine\Source\Rendering\compute-raytracer.cpp(1443,46): warning C4267:         with
C:\dev\PrincipiumGames\PrincipiaEngine\Source\Rendering\compute-raytracer.cpp(1443,46): warning C4267:         [
C:\dev\PrincipiumGames\PrincipiaEngine\Source\Rendering\compute-raytracer.cpp(1443,46): warning C4267:             _Ty=int
C:\dev\PrincipiumGames\PrincipiaEngine\Source\Rendering\compute-raytracer.cpp(1443,46): warning C4267:         ]
C:\dev\PrincipiumGames\PrincipiaEngine\Source\Rendering\compute-raytracer.cpp(1467,17): warning C4267: 'initializing': conversion from 'size_t' to 'int', possible loss of data
C:\dev\PrincipiumGames\PrincipiaEngine\Source\Rendering\compute-raytracer.cpp(1469,49): warning C4267: 'argument': conversion from 'size_t' to '_Ty', possible loss of data
C:\dev\PrincipiumGames\PrincipiaEngine\Source\Rendering\compute-raytracer.cpp(1469,49): warning C4267:         with
C:\dev\PrincipiumGames\PrincipiaEngine\Source\Rendering\compute-raytracer.cpp(1469,49): warning C4267:         [
C:\dev\PrincipiumGames\PrincipiaEngine\Source\Rendering\compute-raytracer.cpp(1469,49): warning C4267:             _Ty=int
C:\dev\PrincipiumGames\PrincipiaEngine\Source\Rendering\compute-raytracer.cpp(1469,49): warning C4267:         ]
C:\Program Files\Microsoft Visual Studio\2022\Community\VC\Tools\MSVC\14.39.33519\include\utility(250,54): warning C4267: 'initializing': conversion from 'size_t' to '_Ty2', possible loss of data
C:\Program Files\Microsoft Visual Studio\2022\Community\VC\Tools\MSVC\14.39.33519\include\utility(250,54): warning C4267:         with
C:\Program Files\Microsoft Visual Studio\2022\Community\VC\Tools\MSVC\14.39.33519\include\utility(250,54): warning C4267:         [
C:\Program Files\Microsoft Visual Studio\2022\Community\VC\Tools\MSVC\14.39.33519\include\utility(250,54): warning C4267:             _Ty2=int
C:\Program Files\Microsoft Visual Studio\2022\Community\VC\Tools\MSVC\14.39.33519\include\utility(250,54): warning C4267:         ]
  (compiling source file 'Rendering/compute-raytracer.cpp')
  C:\Program Files\Microsoft Visual Studio\2022\Community\VC\Tools\MSVC\14.39.33519\include\utility(250,54):
  the template instantiation context (the oldest one first) is
  	C:\dev\PrincipiumGames\PrincipiaEngine\Source\Rendering\compute-raytracer.cpp(1332,59):
  	see reference to function template instantiation 'std::pair<int,int>::pair<int&,unsigned __int64,0>(_Other1,_Other2 &&) noexcept' being compiled
          with
          [
              _Other1=int &,
              _Other2=unsigned __int64
          ]
  		C:\dev\PrincipiumGames\PrincipiaEngine\Source\Rendering\compute-raytracer.cpp(1332,38):
  		see the first reference to 'std::pair<int,int>::pair' in 'Principia::ComputeRaytracer::LoadResources'
  
  imgui-renderer.cpp
  renderSystem.cpp
C:\dev\PrincipiumGames\PrincipiaEngine\Source\Utility\bvhComponent.hpp(229,22): warning C4244: 'argument': conversion from 'float' to 'uint32_t', possible loss of data
  (compiling source file 'Rendering/renderSystem.cpp')
  
C:\dev\PrincipiumGames\PrincipiaEngine\Source\Utility\bvhComponent.hpp(229,45): warning C4244: 'argument': conversion from 'float' to 'uint32_t', possible loss of data
  (compiling source file 'Rendering/renderSystem.cpp')
  
C:\dev\PrincipiumGames\PrincipiaEngine\Source\Utility\bvhComponent.hpp(229,67): warning C4244: 'argument': conversion from 'float' to 'uint32_t', possible loss of data
  (compiling source file 'Rendering/renderSystem.cpp')
  
C:\dev\PrincipiumGames\PrincipiaEngine\Source\Rendering\compute-raytracer.h(83,15): warning C4267: 'initializing': conversion from 'size_t' to 'int', possible loss of data
  (compiling source file 'Rendering/renderSystem.cpp')
  
C:\dev\PrincipiumGames\PrincipiaEngine\Source\Utility\resourceManager.h(72,13): warning C4267: 'return': conversion from 'size_t' to 'int', possible loss of data
  (compiling source file 'Rendering/renderSystem.cpp')
  
C:\dev\PrincipiumGames\PrincipiaEngine\Source\Utility\resourceManager.h(79,13): warning C4267: 'return': conversion from 'size_t' to 'int', possible loss of data
  (compiling source file 'Rendering/renderSystem.cpp')
  
C:\dev\PrincipiumGames\PrincipiaEngine\Source\Utility\resourceManager.h(106,13): warning C4267: 'return': conversion from 'size_t' to 'int', possible loss of data
  (compiling source file 'Rendering/renderSystem.cpp')
  
C:\dev\PrincipiumGames\PrincipiaEngine\Source\Utility\resourceManager.h(121,13): warning C4267: 'return': conversion from 'size_t' to 'int', possible loss of data
  (compiling source file 'Rendering/renderSystem.cpp')
  
  renderbase.cpp
  Texture.cpp
  bvhSystem.cpp
C:\dev\PrincipiumGames\PrincipiaEngine\Source\Utility\bvhComponent.hpp(229,22): warning C4244: 'argument': conversion from 'float' to 'uint32_t', possible loss of data
  (compiling source file 'Utility/bvhSystem.cpp')
  
C:\dev\PrincipiumGames\PrincipiaEngine\Source\Utility\bvhComponent.hpp(229,45): warning C4244: 'argument': conversion from 'float' to 'uint32_t', possible loss of data
  (compiling source file 'Utility/bvhSystem.cpp')
  
C:\dev\PrincipiumGames\PrincipiaEngine\Source\Utility\bvhComponent.hpp(229,67): warning C4244: 'argument': conversion from 'float' to 'uint32_t', possible loss of data
  (compiling source file 'Utility/bvhSystem.cpp')
  
C:\dev\PrincipiumGames\PrincipiaEngine\Source\Utility\bvhSystem.cpp(132,38): warning C4267: 'argument': conversion from 'size_t' to 'int', possible loss of data
C:\dev\PrincipiumGames\PrincipiaEngine\Source\Utility\bvhSystem.cpp(141,39): warning C4267: 'argument': conversion from 'size_t' to 'int', possible loss of data
C:\dev\PrincipiumGames\PrincipiaEngine\Source\Utility\bvhSystem.cpp(149,57): warning C4838: conversion from 'unsigned __int64' to '_Ty' requires a narrowing conversion
C:\dev\PrincipiumGames\PrincipiaEngine\Source\Utility\bvhSystem.cpp(149,57): warning C4838:         with
C:\dev\PrincipiumGames\PrincipiaEngine\Source\Utility\bvhSystem.cpp(149,57): warning C4838:         [
C:\dev\PrincipiumGames\PrincipiaEngine\Source\Utility\bvhSystem.cpp(149,57): warning C4838:             _Ty=int
C:\dev\PrincipiumGames\PrincipiaEngine\Source\Utility\bvhSystem.cpp(149,57): warning C4838:         ]
C:\dev\PrincipiumGames\PrincipiaEngine\Source\Utility\bvhSystem.cpp(149,57): warning C4267: 'initializing': conversion from 'size_t' to '_Ty', possible loss of data
C:\dev\PrincipiumGames\PrincipiaEngine\Source\Utility\bvhSystem.cpp(149,57): warning C4267:         with
C:\dev\PrincipiumGames\PrincipiaEngine\Source\Utility\bvhSystem.cpp(149,57): warning C4267:         [
C:\dev\PrincipiumGames\PrincipiaEngine\Source\Utility\bvhSystem.cpp(149,57): warning C4267:             _Ty=int
C:\dev\PrincipiumGames\PrincipiaEngine\Source\Utility\bvhSystem.cpp(149,57): warning C4267:         ]
C:\dev\PrincipiumGames\PrincipiaEngine\Source\Utility\bvhSystem.cpp(188,39): warning C4267: 'argument': conversion from 'size_t' to 'int', possible loss of data
C:\dev\PrincipiumGames\PrincipiaEngine\Source\Utility\bvhSystem.cpp(195,48): warning C4267: 'argument': conversion from 'size_t' to 'int', possible loss of data
C:\dev\PrincipiumGames\PrincipiaEngine\Source\Utility\bvhSystem.cpp(200,50): warning C4267: 'argument': conversion from 'size_t' to 'int', possible loss of data
C:\dev\PrincipiumGames\PrincipiaEngine\Source\Utility\bvhSystem.cpp(207,133): warning C4838: conversion from 'unsigned __int64' to '_Ty' requires a narrowing conversion
C:\dev\PrincipiumGames\PrincipiaEngine\Source\Utility\bvhSystem.cpp(207,133): warning C4838:         with
C:\dev\PrincipiumGames\PrincipiaEngine\Source\Utility\bvhSystem.cpp(207,133): warning C4838:         [
C:\dev\PrincipiumGames\PrincipiaEngine\Source\Utility\bvhSystem.cpp(207,133): warning C4838:             _Ty=int
C:\dev\PrincipiumGames\PrincipiaEngine\Source\Utility\bvhSystem.cpp(207,133): warning C4838:         ]
C:\dev\PrincipiumGames\PrincipiaEngine\Source\Utility\bvhSystem.cpp(207,133): warning C4267: 'initializing': conversion from 'size_t' to '_Ty', possible loss of data
C:\dev\PrincipiumGames\PrincipiaEngine\Source\Utility\bvhSystem.cpp(207,133): warning C4267:         with
C:\dev\PrincipiumGames\PrincipiaEngine\Source\Utility\bvhSystem.cpp(207,133): warning C4267:         [
C:\dev\PrincipiumGames\PrincipiaEngine\Source\Utility\bvhSystem.cpp(207,133): warning C4267:             _Ty=int
C:\dev\PrincipiumGames\PrincipiaEngine\Source\Utility\bvhSystem.cpp(207,133): warning C4267:         ]
C:\dev\PrincipiumGames\PrincipiaEngine\Source\Utility\bvhSystem.cpp(329,10): warning C4244: 'initializing': conversion from 'float' to 'int', possible loss of data
C:\dev\PrincipiumGames\PrincipiaEngine\Source\Utility\bvhSystem.cpp(360,18): warning C4244: 'initializing': conversion from 'int' to 'float', possible loss of data
C:\dev\PrincipiumGames\PrincipiaEngine\Source\Utility\bvhSystem.cpp(369,47): warning C4291: 'void *Principia::BVHNode::operator new(size_t,Principia::BVHNode *,size_t &)': no matching operator delete found; memory will not be freed if initialization throws an exception
  C:\dev\PrincipiumGames\PrincipiaEngine\Source\Utility\bvhComponent.hpp(163,9):
  see declaration of 'Principia::BVHNode::operator new'
  
C:\dev\PrincipiumGames\PrincipiaEngine\Source\Utility\bvhSystem.cpp(374,19): warning C4267: 'initializing': conversion from 'size_t' to 'int', possible loss of data
C:\dev\PrincipiumGames\PrincipiaEngine\Source\Utility\bvhSystem.cpp(400,19): warning C4244: '=': conversion from '__int64' to 'int', possible loss of data
C:\dev\PrincipiumGames\PrincipiaEngine\Source\Utility\bvhSystem.cpp(422,14): warning C4244: 'initializing': conversion from 'float' to 'int', possible loss of data
C:\dev\PrincipiumGames\PrincipiaEngine\Source\Utility\bvhSystem.cpp(453,22): warning C4244: 'initializing': conversion from 'int' to 'float', possible loss of data
C:\dev\PrincipiumGames\PrincipiaEngine\Source\Utility\bvhSystem.cpp(456,15): warning C4244: 'initializing': conversion from 'float' to 'int', possible loss of data
C:\dev\PrincipiumGames\PrincipiaEngine\Source\Utility\bvhSystem.cpp(461,21): warning C4244: '=': conversion from '__int64' to 'int', possible loss of data
C:\dev\PrincipiumGames\PrincipiaEngine\Source\Utility\bvhSystem.cpp(523,21): warning C4267: 'initializing': conversion from 'size_t' to 'int', possible loss of data
C:\dev\PrincipiumGames\PrincipiaEngine\Lib\bvh\include\bvh\locally_ordered_clustering_builder.hpp(208,45): warning C4267: '=': conversion from 'size_t' to 'unsigned int', possible loss of data
  (compiling source file 'Utility/bvhSystem.cpp')
  C:\dev\PrincipiumGames\PrincipiaEngine\Lib\bvh\include\bvh\locally_ordered_clustering_builder.hpp(208,45):
  the template instantiation context (the oldest one first) is
  	C:\dev\PrincipiumGames\PrincipiaEngine\Source\Utility\bvhSystem.cpp(77,53):
  	see reference to class template instantiation 'bvh::LocallyOrderedClusteringBuilder<Bvh,Morton>' being compiled
  	C:\dev\PrincipiumGames\PrincipiaEngine\Lib\bvh\include\bvh\locally_ordered_clustering_builder.hpp(183,10):
  	while compiling class template member function 'void bvh::LocallyOrderedClusteringBuilder<Bvh,Morton>::build(const bvh::BoundingBox<Scalar> &,const bvh::BoundingBox<Scalar> *,const bvh::Vector<Scalar,3> *,size_t)'
  		C:\dev\PrincipiumGames\PrincipiaEngine\Source\Utility\bvhSystem.cpp(78,16):
  		see the first reference to 'bvh::LocallyOrderedClusteringBuilder<Bvh,Morton>::build' in 'Principia::BvhSystem::build_madman'
  
C:\dev\PrincipiumGames\PrincipiaEngine\Lib\bvh\include\bvh\locally_ordered_clustering_builder.hpp(154,66): warning C4267: '=': conversion from 'size_t' to 'unsigned int', possible loss of data
  (compiling source file 'Utility/bvhSystem.cpp')
  C:\dev\PrincipiumGames\PrincipiaEngine\Lib\bvh\include\bvh\locally_ordered_clustering_builder.hpp(154,66):
  the template instantiation context (the oldest one first) is
  	C:\dev\PrincipiumGames\PrincipiaEngine\Lib\bvh\include\bvh\locally_ordered_clustering_builder.hpp(38,31):
  	while compiling class template member function 'std::pair<size_t,size_t> bvh::LocallyOrderedClusteringBuilder<Bvh,Morton>::cluster(const bvh::Bvh<Scalar>::Node *__restrict ,bvh::Bvh<Scalar>::Node *__restrict ,size_t *__restrict ,size_t *__restrict ,size_t,size_t,size_t)'
  		C:\dev\PrincipiumGames\PrincipiaEngine\Lib\bvh\include\bvh\locally_ordered_clustering_builder.hpp(212,43):
  		see the first reference to 'bvh::LocallyOrderedClusteringBuilder<Bvh,Morton>::cluster' in 'bvh::LocallyOrderedClusteringBuilder<Bvh,Morton>::build'
  		C:\dev\PrincipiumGames\PrincipiaEngine\Source\Utility\bvhSystem.cpp(78,16):
  		see the first reference to 'bvh::LocallyOrderedClusteringBuilder<Bvh,Morton>::build' in 'Principia::BvhSystem::build_madman'
  
C:\Program Files\Microsoft Visual Studio\2022\Community\VC\Tools\MSVC\14.39.33519\include\numeric(35,26): warning C4267: '=': conversion from 'size_t' to '_Ty', possible loss of data
C:\Program Files\Microsoft Visual Studio\2022\Community\VC\Tools\MSVC\14.39.33519\include\numeric(35,26): warning C4267:         with
C:\Program Files\Microsoft Visual Studio\2022\Community\VC\Tools\MSVC\14.39.33519\include\numeric(35,26): warning C4267:         [
C:\Program Files\Microsoft Visual Studio\2022\Community\VC\Tools\MSVC\14.39.33519\include\numeric(35,26): warning C4267:             _Ty=int
C:\Program Files\Microsoft Visual Studio\2022\Community\VC\Tools\MSVC\14.39.33519\include\numeric(35,26): warning C4267:         ]
  (compiling source file 'Utility/bvhSystem.cpp')
  C:\Program Files\Microsoft Visual Studio\2022\Community\VC\Tools\MSVC\14.39.33519\include\numeric(35,26):
  the template instantiation context (the oldest one first) is
  	C:\dev\PrincipiumGames\PrincipiaEngine\Lib\bvh\include\bvh\locally_ordered_clustering_builder.hpp(38,31):
  	while compiling class template member function 'std::pair<size_t,size_t> bvh::LocallyOrderedClusteringBuilder<Bvh,Morton>::cluster(const bvh::Bvh<Scalar>::Node *__restrict ,bvh::Bvh<Scalar>::Node *__restrict ,size_t *__restrict ,size_t *__restrict ,size_t,size_t,size_t)'
  		C:\dev\PrincipiumGames\PrincipiaEngine\Lib\bvh\include\bvh\locally_ordered_clustering_builder.hpp(212,43):
  		see the first reference to 'bvh::LocallyOrderedClusteringBuilder<Bvh,Morton>::cluster' in 'bvh::LocallyOrderedClusteringBuilder<Bvh,Morton>::build'
  		C:\dev\PrincipiumGames\PrincipiaEngine\Source\Utility\bvhSystem.cpp(78,16):
  		see the first reference to 'bvh::LocallyOrderedClusteringBuilder<Bvh,Morton>::build' in 'Principia::BvhSystem::build_madman'
  	C:\dev\PrincipiumGames\PrincipiaEngine\Lib\bvh\include\bvh\locally_ordered_clustering_builder.hpp(127,23):
  	see reference to function template instantiation 'void bvh::PrefixSum<size_t>::sum_in_parallel<std::plus<T>>(const T *,T *,size_t,F)' being compiled
          with
          [
              T=size_t,
              F=std::plus<size_t>
          ]
  	C:\dev\PrincipiumGames\PrincipiaEngine\Lib\bvh\include\bvh\prefix_sum.hpp(58,28):
  	see reference to function template instantiation '_Ty std::accumulate<unsigned __int64*,int,F>(const _InIt,const _InIt,_Ty,_Fn)' being compiled
          with
          [
              _Ty=int,
              F=std::plus<size_t>,
              _InIt=unsigned __int64 *,
              _Fn=std::plus<size_t>
          ]
  
  debug-system.cpp
  script-system.cpp
C:\dev\PrincipiumGames\PrincipiaEngine\Source\Utility\script-component.h(158,19): warning C4244: 'initializing': conversion from '_Rep' to 'unsigned int', possible loss of data
C:\dev\PrincipiumGames\PrincipiaEngine\Source\Utility\script-component.h(158,19): warning C4244:         with
C:\dev\PrincipiumGames\PrincipiaEngine\Source\Utility\script-component.h(158,19): warning C4244:         [
C:\dev\PrincipiumGames\PrincipiaEngine\Source\Utility\script-component.h(158,19): warning C4244:             _Rep=std::chrono::system_clock::rep
C:\dev\PrincipiumGames\PrincipiaEngine\Source\Utility\script-component.h(158,19): warning C4244:         ]
  (compiling source file 'Utility/script-system.cpp')
  
  Compiling...
  selectable-gui-system.cpp
  serialize-node.cpp
C:\dev\PrincipiumGames\PrincipiaEngine\Source\Utility\bvhComponent.hpp(229,22): warning C4244: 'argument': conversion from 'float' to 'uint32_t', possible loss of data
  (compiling source file 'Utility/serialize-node.cpp')
  
C:\dev\PrincipiumGames\PrincipiaEngine\Source\Utility\bvhComponent.hpp(229,45): warning C4244: 'argument': conversion from 'float' to 'uint32_t', possible loss of data
  (compiling source file 'Utility/serialize-node.cpp')
  
C:\dev\PrincipiumGames\PrincipiaEngine\Source\Utility\bvhComponent.hpp(229,67): warning C4244: 'argument': conversion from 'float' to 'uint32_t', possible loss of data
  (compiling source file 'Utility/serialize-node.cpp')
  
C:\dev\PrincipiumGames\PrincipiaEngine\Source\Utility\resourceManager.h(72,13): warning C4267: 'return': conversion from 'size_t' to 'int', possible loss of data
  (compiling source file 'Utility/serialize-node.cpp')
  
C:\dev\PrincipiumGames\PrincipiaEngine\Source\Utility\resourceManager.h(79,13): warning C4267: 'return': conversion from 'size_t' to 'int', possible loss of data
  (compiling source file 'Utility/serialize-node.cpp')
  
C:\dev\PrincipiumGames\PrincipiaEngine\Source\Utility\resourceManager.h(106,13): warning C4267: 'return': conversion from 'size_t' to 'int', possible loss of data
  (compiling source file 'Utility/serialize-node.cpp')
  
C:\dev\PrincipiumGames\PrincipiaEngine\Source\Utility\resourceManager.h(121,13): warning C4267: 'return': conversion from 'size_t' to 'int', possible loss of data
  (compiling source file 'Utility/serialize-node.cpp')
  
C:\dev\PrincipiumGames\PrincipiaEngine\Source\Utility\serialize-node.cpp(425,31): warning C4101: 'can_serialize': unreferenced local variable
C:\dev\PrincipiumGames\PrincipiaEngine\Source\Utility\serialize-node.cpp(425,20): warning C4101: 'load': unreferenced local variable
C:\dev\PrincipiumGames\PrincipiaEngine\Source\Utility\serialize-node.cpp(425,9): warning C4101: 'save': unreferenced local variable
  prefabSystem.cpp
C:\dev\PrincipiumGames\PrincipiaEngine\Source\Utility\bvhComponent.hpp(229,22): warning C4244: 'argument': conversion from 'float' to 'uint32_t', possible loss of data
  (compiling source file 'Utility/prefabSystem.cpp')
  
C:\dev\PrincipiumGames\PrincipiaEngine\Source\Utility\bvhComponent.hpp(229,45): warning C4244: 'argument': conversion from 'float' to 'uint32_t', possible loss of data
  (compiling source file 'Utility/prefabSystem.cpp')
  
C:\dev\PrincipiumGames\PrincipiaEngine\Source\Utility\bvhComponent.hpp(229,67): warning C4244: 'argument': conversion from 'float' to 'uint32_t', possible loss of data
  (compiling source file 'Utility/prefabSystem.cpp')
  
C:\dev\PrincipiumGames\PrincipiaEngine\Source\Utility\resourceManager.h(72,13): warning C4267: 'return': conversion from 'size_t' to 'int', possible loss of data
  (compiling source file 'Utility/prefabSystem.cpp')
  
C:\dev\PrincipiumGames\PrincipiaEngine\Source\Utility\resourceManager.h(79,13): warning C4267: 'return': conversion from 'size_t' to 'int', possible loss of data
  (compiling source file 'Utility/prefabSystem.cpp')
  
C:\dev\PrincipiumGames\PrincipiaEngine\Source\Utility\resourceManager.h(106,13): warning C4267: 'return': conversion from 'size_t' to 'int', possible loss of data
  (compiling source file 'Utility/prefabSystem.cpp')
  
C:\dev\PrincipiumGames\PrincipiaEngine\Source\Utility\resourceManager.h(121,13): warning C4267: 'return': conversion from 'size_t' to 'int', possible loss of data
  (compiling source file 'Utility/prefabSystem.cpp')
  
  resourceManager.cpp
C:\dev\PrincipiumGames\PrincipiaEngine\Source\Utility\bvhComponent.hpp(229,22): warning C4244: 'argument': conversion from 'float' to 'uint32_t', possible loss of data
  (compiling source file 'Utility/resourceManager.cpp')
  
C:\dev\PrincipiumGames\PrincipiaEngine\Source\Utility\bvhComponent.hpp(229,45): warning C4244: 'argument': conversion from 'float' to 'uint32_t', possible loss of data
  (compiling source file 'Utility/resourceManager.cpp')
  
C:\dev\PrincipiumGames\PrincipiaEngine\Source\Utility\bvhComponent.hpp(229,67): warning C4244: 'argument': conversion from 'float' to 'uint32_t', possible loss of data
  (compiling source file 'Utility/resourceManager.cpp')
  
C:\dev\PrincipiumGames\PrincipiaEngine\Source\Utility\resourceManager.h(72,13): warning C4267: 'return': conversion from 'size_t' to 'int', possible loss of data
  (compiling source file 'Utility/resourceManager.cpp')
  
C:\dev\PrincipiumGames\PrincipiaEngine\Source\Utility\resourceManager.h(79,13): warning C4267: 'return': conversion from 'size_t' to 'int', possible loss of data
  (compiling source file 'Utility/resourceManager.cpp')
  
C:\dev\PrincipiumGames\PrincipiaEngine\Source\Utility\resourceManager.h(106,13): warning C4267: 'return': conversion from 'size_t' to 'int', possible loss of data
  (compiling source file 'Utility/resourceManager.cpp')
  
C:\dev\PrincipiumGames\PrincipiaEngine\Source\Utility\resourceManager.h(121,13): warning C4267: 'return': conversion from 'size_t' to 'int', possible loss of data
  (compiling source file 'Utility/resourceManager.cpp')
  
C:\dev\PrincipiumGames\PrincipiaEngine\Source\Utility\resourceManager.cpp(93,23): warning C4244: '=': conversion from 'int' to '_Ty', possible loss of data
C:\dev\PrincipiumGames\PrincipiaEngine\Source\Utility\resourceManager.cpp(93,23): warning C4244:         with
C:\dev\PrincipiumGames\PrincipiaEngine\Source\Utility\resourceManager.cpp(93,23): warning C4244:         [
C:\dev\PrincipiumGames\PrincipiaEngine\Source\Utility\resourceManager.cpp(93,23): warning C4244:             _Ty=float
C:\dev\PrincipiumGames\PrincipiaEngine\Source\Utility\resourceManager.cpp(93,23): warning C4244:         ]
C:\dev\PrincipiumGames\PrincipiaEngine\Source\Utility\resourceManager.cpp(498,14): warning C4267: 'initializing': conversion from 'size_t' to 'int', possible loss of data
  Input.cpp
  timer.cpp
  transformSystem.cpp
C:\dev\PrincipiumGames\PrincipiaEngine\Source\Utility\bvhComponent.hpp(229,22): warning C4244: 'argument': conversion from 'float' to 'uint32_t', possible loss of data
  (compiling source file 'Utility/transformSystem.cpp')
  
C:\dev\PrincipiumGames\PrincipiaEngine\Source\Utility\bvhComponent.hpp(229,45): warning C4244: 'argument': conversion from 'float' to 'uint32_t', possible loss of data
  (compiling source file 'Utility/transformSystem.cpp')
  
C:\dev\PrincipiumGames\PrincipiaEngine\Source\Utility\bvhComponent.hpp(229,67): warning C4244: 'argument': conversion from 'float' to 'uint32_t', possible loss of data
  (compiling source file 'Utility/transformSystem.cpp')
  
C:\dev\PrincipiumGames\PrincipiaEngine\Source\Rendering\compute-raytracer.h(83,15): warning C4267: 'initializing': conversion from 'size_t' to 'int', possible loss of data
  (compiling source file 'Utility/transformSystem.cpp')
  
  window.cpp
  PrincipiaEngine.vcxproj -> C:\dev\PrincipiumGames\ShinyAfroMan\x64\Release\Principia Engine.lib
