c:\dev\principiumgames\shinyafroman\commonpch\x64\debug\pch.pch
c:\dev\principiumgames\shinyafroman\x64\debug\principia engine.pdb
c:\dev\principiumgames\shinyafroman\x64\debug\principia engine.idb
c:\dev\principiumgames\principiaengine\source\x64\debug\pch.obj
c:\dev\principiumgames\principiaengine\source\x64\debug\component.obj
c:\dev\principiumgames\principiaengine\source\x64\debug\componenttype.obj
c:\dev\principiumgames\principiaengine\source\x64\debug\componenttypemanager.obj
c:\dev\principiumgames\principiaengine\source\x64\debug\delayedentityprocessingsystem.obj
c:\dev\principiumgames\principiaengine\source\x64\debug\delayedentitysystem.obj
c:\dev\principiumgames\principiaengine\source\x64\debug\entity.obj
c:\dev\principiumgames\principiaengine\source\x64\debug\entitymanager.obj
c:\dev\principiumgames\principiaengine\source\x64\debug\entityprocessingsystem.obj
c:\dev\principiumgames\principiaengine\source\x64\debug\entitysystem.obj
c:\dev\principiumgames\principiaengine\source\x64\debug\groupmanager.obj
c:\dev\principiumgames\principiaengine\source\x64\debug\imgui.obj
c:\dev\principiumgames\principiaengine\source\x64\debug\imgui_demo.obj
c:\dev\principiumgames\principiaengine\source\x64\debug\imgui_draw.obj
c:\dev\principiumgames\principiaengine\source\x64\debug\imgui_impl_glfw.obj
c:\dev\principiumgames\principiaengine\source\x64\debug\imgui_impl_vulkan.obj
c:\dev\principiumgames\principiaengine\source\x64\debug\imgui_tables.obj
c:\dev\principiumgames\principiaengine\source\x64\debug\imgui_widgets.obj
c:\dev\principiumgames\principiaengine\source\x64\debug\systembitmanager.obj
c:\dev\principiumgames\principiaengine\source\x64\debug\systemmanager.obj
c:\dev\principiumgames\principiaengine\source\x64\debug\tinyxml2.obj
c:\dev\principiumgames\principiaengine\source\x64\debug\principia engine.tlog\cl.command.1.tlog
c:\dev\principiumgames\principiaengine\source\x64\debug\principia engine.tlog\cl.read.1.tlog
c:\dev\principiumgames\principiaengine\source\x64\debug\principia engine.tlog\cl.write.1.tlog
